<?xml version="1.0" encoding="UTF-8"?>
<!-- Generated by org.testng.reporters.JUnitReportReporter -->
<testsuite hostname="LTIN204636" failures="0" tests="9" name="com.irctc.irctcTestng" time="30.899" errors="0" timestamp="2024-01-04T13:03:26 IST" skipped="0">
  <testcase classname="com.irctc.irctcTestng" name="verify" time="0.025"/>
  <testcase classname="com.irctc.irctcTestng" name="selectFrom" time="6.795"/>
  <testcase classname="com.irctc.irctcTestng" name="selectTo" time="0.940"/>
  <testcase classname="com.irctc.irctcTestng" name="choosedate" time="6.406"/>
  <testcase classname="com.irctc.irctcTestng" name="Divyaangcheckbox" time="3.075"/>
  <testcase classname="com.irctc.irctcTestng" name="okbutton" time="3.038"/>
  <testcase classname="com.irctc.irctcTestng" name="selectClass" time="5.154"/>
  <testcase classname="com.irctc.irctcTestng" name="search" time="5.063"/>
  <testcase classname="com.irctc.irctcTestng" name="captureScreenshot" time="0.403"/>
</testsuite> <!-- com.irctc.irctcTestng -->
